<?xml version="1.0" encoding="UTF-8"?>
<!-- Generated by org.testng.reporters.JUnitXMLReporter -->
<testsuite ignored="1" hostname="DESKTOP-J781JPB" failures="0" tests="1" name="GroupingTests" time="8.448" errors="0" timestamp="2024-11-08T12:15:14 IST">
  <testcase classname="testCases.Tc001_RegistrationTest" name="verify_Account_Registration" time="3.0"/>
  <testcase classname="testCases.Tc002_LoginTest" name="verify_Login" time="0.0">
    <ignored/>
  </testcase> <!-- verify_Login -->
</testsuite> <!-- GroupingTests -->
