<?xml version="1.0" encoding="UTF-8"?>
<testng-results ignored="0" total="3" passed="3" failed="0" skipped="0">
  <reporter-output>
  </reporter-output>
  <suite started-at="2024-11-06T15:59:09 IST" name="Suite" finished-at="2024-11-06T15:59:39 IST" duration-ms="29965">
    <groups>
    </groups>
    <test started-at="2024-11-06T15:59:09 IST" name="FirefoxTest" finished-at="2024-11-06T15:59:38 IST" duration-ms="28670">
      <class name="testCases.Tc001_RegistrationTest">
        <test-method is-config="true" signature="setup(java.lang.String)[pri:0, instance:testCases.Tc001_RegistrationTest@747ddf94]" started-at="2024-11-06T15:59:09 IST" name="setup" finished-at="2024-11-06T15:59:31 IST" duration-ms="21658" status="PASS">
          <params>
            <param index="0">
              <value>
                <![CDATA[firefox]]>
              </value>
            </param>
          </params>
          <reporter-output>
          </reporter-output>
        </test-method> <!-- setup -->
        <test-method signature="verify_Account_Registration()[pri:0, instance:testCases.Tc001_RegistrationTest@747ddf94]" started-at="2024-11-06T15:59:31 IST" name="verify_Account_Registration" finished-at="2024-11-06T15:59:34 IST" duration-ms="2782" status="PASS">
          <reporter-output>
          </reporter-output>
        </test-method> <!-- verify_Account_Registration -->
        <test-method is-config="true" signature="tearDown()[pri:0, instance:testCases.Tc001_RegistrationTest@747ddf94]" started-at="2024-11-06T15:59:34 IST" name="tearDown" finished-at="2024-11-06T15:59:38 IST" duration-ms="4173" status="PASS">
          <reporter-output>
          </reporter-output>
        </test-method> <!-- tearDown -->
      </class> <!-- testCases.Tc001_RegistrationTest -->
    </test> <!-- FirefoxTest -->
    <test started-at="2024-11-06T15:59:09 IST" name="ChromeTest" finished-at="2024-11-06T15:59:38 IST" duration-ms="28971">
      <class name="testCases.Tc001_RegistrationTest">
        <test-method is-config="true" signature="setup(java.lang.String)[pri:0, instance:testCases.Tc001_RegistrationTest@1aa7ecca]" started-at="2024-11-06T15:59:09 IST" name="setup" finished-at="2024-11-06T15:59:16 IST" duration-ms="6887" status="PASS">
          <params>
            <param index="0">
              <value>
                <![CDATA[chrome]]>
              </value>
            </param>
          </params>
          <reporter-output>
          </reporter-output>
        </test-method> <!-- setup -->
        <test-method signature="verify_Account_Registration()[pri:0, instance:testCases.Tc001_RegistrationTest@1aa7ecca]" started-at="2024-11-06T15:59:16 IST" name="verify_Account_Registration" finished-at="2024-11-06T15:59:23 IST" duration-ms="7158" status="PASS">
          <reporter-output>
          </reporter-output>
        </test-method> <!-- verify_Account_Registration -->
        <test-method is-config="true" signature="tearDown()[pri:0, instance:testCases.Tc001_RegistrationTest@1aa7ecca]" started-at="2024-11-06T15:59:23 IST" name="tearDown" finished-at="2024-11-06T15:59:38 IST" duration-ms="14761" status="PASS">
          <reporter-output>
          </reporter-output>
        </test-method> <!-- tearDown -->
      </class> <!-- testCases.Tc001_RegistrationTest -->
    </test> <!-- ChromeTest -->
    <test started-at="2024-11-06T15:59:09 IST" name="EdgeTest" finished-at="2024-11-06T15:59:39 IST" duration-ms="29965">
      <class name="testCases.Tc001_RegistrationTest">
        <test-method is-config="true" signature="setup(java.lang.String)[pri:0, instance:testCases.Tc001_RegistrationTest@72967906]" started-at="2024-11-06T15:59:09 IST" name="setup" finished-at="2024-11-06T15:59:17 IST" duration-ms="8024" status="PASS">
          <params>
            <param index="0">
              <value>
                <![CDATA[edge]]>
              </value>
            </param>
          </params>
          <reporter-output>
          </reporter-output>
        </test-method> <!-- setup -->
        <test-method signature="verify_Account_Registration()[pri:0, instance:testCases.Tc001_RegistrationTest@72967906]" started-at="2024-11-06T15:59:17 IST" name="verify_Account_Registration" finished-at="2024-11-06T15:59:26 IST" duration-ms="8902" status="PASS">
          <reporter-output>
          </reporter-output>
        </test-method> <!-- verify_Account_Registration -->
        <test-method is-config="true" signature="tearDown()[pri:0, instance:testCases.Tc001_RegistrationTest@72967906]" started-at="2024-11-06T15:59:26 IST" name="tearDown" finished-at="2024-11-06T15:59:39 IST" duration-ms="12978" status="PASS">
          <reporter-output>
          </reporter-output>
        </test-method> <!-- tearDown -->
      </class> <!-- testCases.Tc001_RegistrationTest -->
    </test> <!-- EdgeTest -->
  </suite> <!-- Suite -->
</testng-results>
