<?xml version="1.0" encoding="UTF-8"?>
<testng-results ignored="0" total="3" passed="3" failed="0" skipped="0">
  <reporter-output>
  </reporter-output>
  <suite started-at="2024-11-06T15:31:17 IST" name="Suite" finished-at="2024-11-06T15:32:28 IST" duration-ms="70695">
    <groups>
    </groups>
    <test started-at="2024-11-06T15:31:17 IST" name="FirefoxTest" finished-at="2024-11-06T15:32:16 IST" duration-ms="59133">
      <class name="testCases.Tc001_RegistrationTest">
        <test-method is-config="true" signature="setup(java.lang.String)[pri:0, instance:testCases.Tc001_RegistrationTest@2a5c8d3f]" started-at="2024-11-06T15:31:17 IST" name="setup" finished-at="2024-11-06T15:31:52 IST" duration-ms="34734" status="PASS">
          <params>
            <param index="0">
              <value>
                <![CDATA[firefox]]>
              </value>
            </param>
          </params>
          <reporter-output>
          </reporter-output>
        </test-method> <!-- setup -->
        <test-method signature="verify_Account_Registration()[pri:0, instance:testCases.Tc001_RegistrationTest@2a5c8d3f]" started-at="2024-11-06T15:31:52 IST" name="verify_Account_Registration" finished-at="2024-11-06T15:32:00 IST" duration-ms="8030" status="PASS">
          <reporter-output>
          </reporter-output>
        </test-method> <!-- verify_Account_Registration -->
        <test-method is-config="true" signature="tearDown()[pri:0, instance:testCases.Tc001_RegistrationTest@2a5c8d3f]" started-at="2024-11-06T15:32:00 IST" name="tearDown" finished-at="2024-11-06T15:32:16 IST" duration-ms="16300" status="PASS">
          <reporter-output>
          </reporter-output>
        </test-method> <!-- tearDown -->
      </class> <!-- testCases.Tc001_RegistrationTest -->
    </test> <!-- FirefoxTest -->
    <test started-at="2024-11-06T15:31:17 IST" name="ChromeTest" finished-at="2024-11-06T15:32:28 IST" duration-ms="70578">
      <class name="testCases.Tc001_RegistrationTest">
        <test-method is-config="true" signature="setup(java.lang.String)[pri:0, instance:testCases.Tc001_RegistrationTest@327514f]" started-at="2024-11-06T15:31:17 IST" name="setup" finished-at="2024-11-06T15:31:24 IST" duration-ms="6307" status="PASS">
          <params>
            <param index="0">
              <value>
                <![CDATA[chrome]]>
              </value>
            </param>
          </params>
          <reporter-output>
          </reporter-output>
        </test-method> <!-- setup -->
        <test-method signature="verify_Account_Registration()[pri:0, instance:testCases.Tc001_RegistrationTest@327514f]" started-at="2024-11-06T15:31:24 IST" name="verify_Account_Registration" finished-at="2024-11-06T15:32:05 IST" duration-ms="40920" status="PASS">
          <reporter-output>
          </reporter-output>
        </test-method> <!-- verify_Account_Registration -->
        <test-method is-config="true" signature="tearDown()[pri:0, instance:testCases.Tc001_RegistrationTest@327514f]" started-at="2024-11-06T15:32:05 IST" name="tearDown" finished-at="2024-11-06T15:32:28 IST" duration-ms="23270" status="PASS">
          <reporter-output>
          </reporter-output>
        </test-method> <!-- tearDown -->
      </class> <!-- testCases.Tc001_RegistrationTest -->
    </test> <!-- ChromeTest -->
    <test started-at="2024-11-06T15:31:17 IST" name="EdgeTest" finished-at="2024-11-06T15:32:28 IST" duration-ms="70695">
      <class name="testCases.Tc001_RegistrationTest">
        <test-method is-config="true" signature="setup(java.lang.String)[pri:0, instance:testCases.Tc001_RegistrationTest@2aceadd4]" started-at="2024-11-06T15:31:17 IST" name="setup" finished-at="2024-11-06T15:31:31 IST" duration-ms="13520" status="PASS">
          <params>
            <param index="0">
              <value>
                <![CDATA[edge]]>
              </value>
            </param>
          </params>
          <reporter-output>
          </reporter-output>
        </test-method> <!-- setup -->
        <test-method signature="verify_Account_Registration()[pri:0, instance:testCases.Tc001_RegistrationTest@2aceadd4]" started-at="2024-11-06T15:31:31 IST" name="verify_Account_Registration" finished-at="2024-11-06T15:32:07 IST" duration-ms="36319" status="PASS">
          <reporter-output>
          </reporter-output>
        </test-method> <!-- verify_Account_Registration -->
        <test-method is-config="true" signature="tearDown()[pri:0, instance:testCases.Tc001_RegistrationTest@2aceadd4]" started-at="2024-11-06T15:32:07 IST" name="tearDown" finished-at="2024-11-06T15:32:28 IST" duration-ms="20799" status="PASS">
          <reporter-output>
          </reporter-output>
        </test-method> <!-- tearDown -->
      </class> <!-- testCases.Tc001_RegistrationTest -->
    </test> <!-- EdgeTest -->
  </suite> <!-- Suite -->
</testng-results>
